2014/01/23 17:57:22 [error] [system.db.CDbCommand] CDbCommand::fetchAll() failed: SQLSTATE[HY000]: General error: 1017 Can't find file: './epc/epc_dictionary.frm' (errno: 13). The SQL statement executed was: SHOW FULL COLUMNS FROM `epc_dictionary`.
in /home/konstantin/sites/epcnet/htdocs/protected/controllers/DictionaryPageController.php (54)
in /home/konstantin/sites/epcnet/htdocs/index.php (13)
2014/01/23 17:57:22 [error] [exception.CDbException] exception 'CDbException' with message 'The table "{{dictionary}}" for active record class "Dictionary" cannot be found in the database.' in /home/konstantin/sites/epcnet/htdocs/framework/db/ar/CActiveRecord.php:2362
Stack trace:
#0 /home/konstantin/sites/epcnet/htdocs/framework/db/ar/CActiveRecord.php(411): CActiveRecordMetaData->__construct(Object(Dictionary))
#1 /home/konstantin/sites/epcnet/htdocs/framework/db/ar/CActiveRecord.php(79): CActiveRecord->getMetaData()
#2 /home/konstantin/sites/epcnet/htdocs/protected/controllers/DictionaryPageController.php(54): CActiveRecord->__construct()
#3 /home/konstantin/sites/epcnet/htdocs/framework/web/actions/CInlineAction.php(49): DictionaryPageController->actionIndex()
#4 /home/konstantin/sites/epcnet/htdocs/framework/web/CController.php(308): CInlineAction->runWithParams(Array)
#5 /home/konstantin/sites/epcnet/htdocs/framework/web/filters/CFilterChain.php(133): CController->runAction(Object(CInlineAction))
#6 /home/konstantin/sites/epcnet/htdocs/framework/web/filters/CFilter.php(40): CFilterChain->run()
#7 /home/konstantin/sites/epcnet/htdocs/framework/web/CController.php(1145): CFilter->filter(Object(CFilterChain))
#8 /home/konstantin/sites/epcnet/htdocs/framework/web/filters/CInlineFilter.php(58): CController->filterAccessControl(Object(CFilterChain))
#9 /home/konstantin/sites/epcnet/htdocs/framework/web/filters/CFilterChain.php(130): CInlineFilter->filter(Object(CFilterChain))
#10 /home/konstantin/sites/epcnet/htdocs/framework/web/CController.php(291): CFilterChain->run()
#11 /home/konstantin/sites/epcnet/htdocs/framework/web/CController.php(265): CController->runActionWithFilters(Object(CInlineAction), Array)
#12 /home/konstantin/sites/epcnet/htdocs/framework/web/CWebApplication.php(282): CController->run('')
#13 /home/konstantin/sites/epcnet/htdocs/framework/web/CWebApplication.php(141): CWebApplication->runController('dictionaryPage')
#14 /home/konstantin/sites/epcnet/htdocs/framework/base/CApplication.php(180): CWebApplication->processRequest()
#15 /home/konstantin/sites/epcnet/htdocs/index.php(13): CApplication->run()
#16 {main}
REQUEST_URI=/dictionaryPage
HTTP_REFERER=http://epcnet/dictionary
---
2014/01/23 17:57:22 [error] [system.db.CDbCommand] CDbCommand::fetchAll() failed: SQLSTATE[HY000]: General error: 1017 Can't find file: './epc/epc_dictionary.frm' (errno: 13). The SQL statement executed was: SHOW FULL COLUMNS FROM `epc_dictionary`.
in /home/konstantin/sites/epcnet/htdocs/protected/controllers/DictionaryPageController.php (54)
in /home/konstantin/sites/epcnet/htdocs/index.php (13)
2014/01/23 17:57:22 [error] [exception.CDbException] exception 'CDbException' with message 'The table "{{dictionary}}" for active record class "Dictionary" cannot be found in the database.' in /home/konstantin/sites/epcnet/htdocs/framework/db/ar/CActiveRecord.php:2362
Stack trace:
#0 /home/konstantin/sites/epcnet/htdocs/framework/db/ar/CActiveRecord.php(411): CActiveRecordMetaData->__construct(Object(Dictionary))
#1 /home/konstantin/sites/epcnet/htdocs/framework/db/ar/CActiveRecord.php(79): CActiveRecord->getMetaData()
#2 /home/konstantin/sites/epcnet/htdocs/protected/controllers/DictionaryPageController.php(54): CActiveRecord->__construct()
#3 /home/konstantin/sites/epcnet/htdocs/framework/web/actions/CInlineAction.php(49): DictionaryPageController->actionIndex()
#4 /home/konstantin/sites/epcnet/htdocs/framework/web/CController.php(308): CInlineAction->runWithParams(Array)
#5 /home/konstantin/sites/epcnet/htdocs/framework/web/filters/CFilterChain.php(133): CController->runAction(Object(CInlineAction))
#6 /home/konstantin/sites/epcnet/htdocs/framework/web/filters/CFilter.php(40): CFilterChain->run()
#7 /home/konstantin/sites/epcnet/htdocs/framework/web/CController.php(1145): CFilter->filter(Object(CFilterChain))
#8 /home/konstantin/sites/epcnet/htdocs/framework/web/filters/CInlineFilter.php(58): CController->filterAccessControl(Object(CFilterChain))
#9 /home/konstantin/sites/epcnet/htdocs/framework/web/filters/CFilterChain.php(130): CInlineFilter->filter(Object(CFilterChain))
#10 /home/konstantin/sites/epcnet/htdocs/framework/web/CController.php(291): CFilterChain->run()
#11 /home/konstantin/sites/epcnet/htdocs/framework/web/CController.php(265): CController->runActionWithFilters(Object(CInlineAction), Array)
#12 /home/konstantin/sites/epcnet/htdocs/framework/web/CWebApplication.php(282): CController->run('')
#13 /home/konstantin/sites/epcnet/htdocs/framework/web/CWebApplication.php(141): CWebApplication->runController('dictionaryPage')
#14 /home/konstantin/sites/epcnet/htdocs/framework/base/CApplication.php(180): CWebApplication->processRequest()
#15 /home/konstantin/sites/epcnet/htdocs/index.php(13): CApplication->run()
#16 {main}
REQUEST_URI=/dictionaryPage
HTTP_REFERER=http://epcnet/dictionary
---
2014/01/23 18:02:00 [error] [system.db.CDbCommand] CDbCommand::fetchAll() failed: SQLSTATE[HY000]: General error: 1017 Can't find file: './epc/epc_dictionary.frm' (errno: 13). The SQL statement executed was: SHOW FULL COLUMNS FROM `epc_dictionary`.
in /home/konstantin/sites/epcnet/htdocs/protected/controllers/DictionaryPageController.php (54)
in /home/konstantin/sites/epcnet/htdocs/index.php (13)
2014/01/23 18:02:00 [error] [exception.CDbException] exception 'CDbException' with message 'The table "{{dictionary}}" for active record class "Dictionary" cannot be found in the database.' in /home/konstantin/sites/epcnet/htdocs/framework/db/ar/CActiveRecord.php:2362
Stack trace:
#0 /home/konstantin/sites/epcnet/htdocs/framework/db/ar/CActiveRecord.php(411): CActiveRecordMetaData->__construct(Object(Dictionary))
#1 /home/konstantin/sites/epcnet/htdocs/framework/db/ar/CActiveRecord.php(79): CActiveRecord->getMetaData()
#2 /home/konstantin/sites/epcnet/htdocs/protected/controllers/DictionaryPageController.php(54): CActiveRecord->__construct()
#3 /home/konstantin/sites/epcnet/htdocs/framework/web/actions/CInlineAction.php(49): DictionaryPageController->actionIndex()
#4 /home/konstantin/sites/epcnet/htdocs/framework/web/CController.php(308): CInlineAction->runWithParams(Array)
#5 /home/konstantin/sites/epcnet/htdocs/framework/web/filters/CFilterChain.php(133): CController->runAction(Object(CInlineAction))
#6 /home/konstantin/sites/epcnet/htdocs/framework/web/filters/CFilter.php(40): CFilterChain->run()
#7 /home/konstantin/sites/epcnet/htdocs/framework/web/CController.php(1145): CFilter->filter(Object(CFilterChain))
#8 /home/konstantin/sites/epcnet/htdocs/framework/web/filters/CInlineFilter.php(58): CController->filterAccessControl(Object(CFilterChain))
#9 /home/konstantin/sites/epcnet/htdocs/framework/web/filters/CFilterChain.php(130): CInlineFilter->filter(Object(CFilterChain))
#10 /home/konstantin/sites/epcnet/htdocs/framework/web/CController.php(291): CFilterChain->run()
#11 /home/konstantin/sites/epcnet/htdocs/framework/web/CController.php(265): CController->runActionWithFilters(Object(CInlineAction), Array)
#12 /home/konstantin/sites/epcnet/htdocs/framework/web/CWebApplication.php(282): CController->run('')
#13 /home/konstantin/sites/epcnet/htdocs/framework/web/CWebApplication.php(141): CWebApplication->runController('dictionaryPage')
#14 /home/konstantin/sites/epcnet/htdocs/framework/base/CApplication.php(180): CWebApplication->processRequest()
#15 /home/konstantin/sites/epcnet/htdocs/index.php(13): CApplication->run()
#16 {main}
REQUEST_URI=/dictionaryPage
HTTP_REFERER=http://epcnet/dictionary
---
2014/01/23 18:02:03 [error] [system.db.CDbCommand] CDbCommand::fetchAll() failed: SQLSTATE[HY000]: General error: 1017 Can't find file: './epc/epc_dictionary.frm' (errno: 13). The SQL statement executed was: SHOW FULL COLUMNS FROM `epc_dictionary`.
in /home/konstantin/sites/epcnet/htdocs/protected/controllers/DictionaryPageController.php (54)
in /home/konstantin/sites/epcnet/htdocs/index.php (13)
2014/01/23 18:02:03 [error] [exception.CDbException] exception 'CDbException' with message 'The table "{{dictionary}}" for active record class "Dictionary" cannot be found in the database.' in /home/konstantin/sites/epcnet/htdocs/framework/db/ar/CActiveRecord.php:2362
Stack trace:
#0 /home/konstantin/sites/epcnet/htdocs/framework/db/ar/CActiveRecord.php(411): CActiveRecordMetaData->__construct(Object(Dictionary))
#1 /home/konstantin/sites/epcnet/htdocs/framework/db/ar/CActiveRecord.php(79): CActiveRecord->getMetaData()
#2 /home/konstantin/sites/epcnet/htdocs/protected/controllers/DictionaryPageController.php(54): CActiveRecord->__construct()
#3 /home/konstantin/sites/epcnet/htdocs/framework/web/actions/CInlineAction.php(49): DictionaryPageController->actionIndex()
#4 /home/konstantin/sites/epcnet/htdocs/framework/web/CController.php(308): CInlineAction->runWithParams(Array)
#5 /home/konstantin/sites/epcnet/htdocs/framework/web/filters/CFilterChain.php(133): CController->runAction(Object(CInlineAction))
#6 /home/konstantin/sites/epcnet/htdocs/framework/web/filters/CFilter.php(40): CFilterChain->run()
#7 /home/konstantin/sites/epcnet/htdocs/framework/web/CController.php(1145): CFilter->filter(Object(CFilterChain))
#8 /home/konstantin/sites/epcnet/htdocs/framework/web/filters/CInlineFilter.php(58): CController->filterAccessControl(Object(CFilterChain))
#9 /home/konstantin/sites/epcnet/htdocs/framework/web/filters/CFilterChain.php(130): CInlineFilter->filter(Object(CFilterChain))
#10 /home/konstantin/sites/epcnet/htdocs/framework/web/CController.php(291): CFilterChain->run()
#11 /home/konstantin/sites/epcnet/htdocs/framework/web/CController.php(265): CController->runActionWithFilters(Object(CInlineAction), Array)
#12 /home/konstantin/sites/epcnet/htdocs/framework/web/CWebApplication.php(282): CController->run('')
#13 /home/konstantin/sites/epcnet/htdocs/framework/web/CWebApplication.php(141): CWebApplication->runController('dictionaryPage')
#14 /home/konstantin/sites/epcnet/htdocs/framework/base/CApplication.php(180): CWebApplication->processRequest()
#15 /home/konstantin/sites/epcnet/htdocs/index.php(13): CApplication->run()
#16 {main}
REQUEST_URI=/dictionaryPage
HTTP_REFERER=http://epcnet/dictionary
---
2014/01/23 18:02:04 [error] [system.db.CDbCommand] CDbCommand::fetchAll() failed: SQLSTATE[HY000]: General error: 1017 Can't find file: './epc/epc_dictionary.frm' (errno: 13). The SQL statement executed was: SHOW FULL COLUMNS FROM `epc_dictionary`.
in /home/konstantin/sites/epcnet/htdocs/protected/controllers/DictionaryPageController.php (54)
in /home/konstantin/sites/epcnet/htdocs/index.php (13)
2014/01/23 18:02:04 [error] [exception.CDbException] exception 'CDbException' with message 'The table "{{dictionary}}" for active record class "Dictionary" cannot be found in the database.' in /home/konstantin/sites/epcnet/htdocs/framework/db/ar/CActiveRecord.php:2362
Stack trace:
#0 /home/konstantin/sites/epcnet/htdocs/framework/db/ar/CActiveRecord.php(411): CActiveRecordMetaData->__construct(Object(Dictionary))
#1 /home/konstantin/sites/epcnet/htdocs/framework/db/ar/CActiveRecord.php(79): CActiveRecord->getMetaData()
#2 /home/konstantin/sites/epcnet/htdocs/protected/controllers/DictionaryPageController.php(54): CActiveRecord->__construct()
#3 /home/konstantin/sites/epcnet/htdocs/framework/web/actions/CInlineAction.php(49): DictionaryPageController->actionIndex()
#4 /home/konstantin/sites/epcnet/htdocs/framework/web/CController.php(308): CInlineAction->runWithParams(Array)
#5 /home/konstantin/sites/epcnet/htdocs/framework/web/filters/CFilterChain.php(133): CController->runAction(Object(CInlineAction))
#6 /home/konstantin/sites/epcnet/htdocs/framework/web/filters/CFilter.php(40): CFilterChain->run()
#7 /home/konstantin/sites/epcnet/htdocs/framework/web/CController.php(1145): CFilter->filter(Object(CFilterChain))
#8 /home/konstantin/sites/epcnet/htdocs/framework/web/filters/CInlineFilter.php(58): CController->filterAccessControl(Object(CFilterChain))
#9 /home/konstantin/sites/epcnet/htdocs/framework/web/filters/CFilterChain.php(130): CInlineFilter->filter(Object(CFilterChain))
#10 /home/konstantin/sites/epcnet/htdocs/framework/web/CController.php(291): CFilterChain->run()
#11 /home/konstantin/sites/epcnet/htdocs/framework/web/CController.php(265): CController->runActionWithFilters(Object(CInlineAction), Array)
#12 /home/konstantin/sites/epcnet/htdocs/framework/web/CWebApplication.php(282): CController->run('')
#13 /home/konstantin/sites/epcnet/htdocs/framework/web/CWebApplication.php(141): CWebApplication->runController('dictionaryPage')
#14 /home/konstantin/sites/epcnet/htdocs/framework/base/CApplication.php(180): CWebApplication->processRequest()
#15 /home/konstantin/sites/epcnet/htdocs/index.php(13): CApplication->run()
#16 {main}
REQUEST_URI=/dictionaryPage
HTTP_REFERER=http://epcnet/dictionary
---
2014/01/23 18:02:04 [error] [system.db.CDbCommand] CDbCommand::fetchAll() failed: SQLSTATE[HY000]: General error: 1017 Can't find file: './epc/epc_dictionary.frm' (errno: 13). The SQL statement executed was: SHOW FULL COLUMNS FROM `epc_dictionary`.
in /home/konstantin/sites/epcnet/htdocs/protected/controllers/DictionaryPageController.php (54)
in /home/konstantin/sites/epcnet/htdocs/index.php (13)
2014/01/23 18:02:04 [error] [exception.CDbException] exception 'CDbException' with message 'The table "{{dictionary}}" for active record class "Dictionary" cannot be found in the database.' in /home/konstantin/sites/epcnet/htdocs/framework/db/ar/CActiveRecord.php:2362
Stack trace:
#0 /home/konstantin/sites/epcnet/htdocs/framework/db/ar/CActiveRecord.php(411): CActiveRecordMetaData->__construct(Object(Dictionary))
#1 /home/konstantin/sites/epcnet/htdocs/framework/db/ar/CActiveRecord.php(79): CActiveRecord->getMetaData()
#2 /home/konstantin/sites/epcnet/htdocs/protected/controllers/DictionaryPageController.php(54): CActiveRecord->__construct()
#3 /home/konstantin/sites/epcnet/htdocs/framework/web/actions/CInlineAction.php(49): DictionaryPageController->actionIndex()
#4 /home/konstantin/sites/epcnet/htdocs/framework/web/CController.php(308): CInlineAction->runWithParams(Array)
#5 /home/konstantin/sites/epcnet/htdocs/framework/web/filters/CFilterChain.php(133): CController->runAction(Object(CInlineAction))
#6 /home/konstantin/sites/epcnet/htdocs/framework/web/filters/CFilter.php(40): CFilterChain->run()
#7 /home/konstantin/sites/epcnet/htdocs/framework/web/CController.php(1145): CFilter->filter(Object(CFilterChain))
#8 /home/konstantin/sites/epcnet/htdocs/framework/web/filters/CInlineFilter.php(58): CController->filterAccessControl(Object(CFilterChain))
#9 /home/konstantin/sites/epcnet/htdocs/framework/web/filters/CFilterChain.php(130): CInlineFilter->filter(Object(CFilterChain))
#10 /home/konstantin/sites/epcnet/htdocs/framework/web/CController.php(291): CFilterChain->run()
#11 /home/konstantin/sites/epcnet/htdocs/framework/web/CController.php(265): CController->runActionWithFilters(Object(CInlineAction), Array)
#12 /home/konstantin/sites/epcnet/htdocs/framework/web/CWebApplication.php(282): CController->run('')
#13 /home/konstantin/sites/epcnet/htdocs/framework/web/CWebApplication.php(141): CWebApplication->runController('dictionaryPage')
#14 /home/konstantin/sites/epcnet/htdocs/framework/base/CApplication.php(180): CWebApplication->processRequest()
#15 /home/konstantin/sites/epcnet/htdocs/index.php(13): CApplication->run()
#16 {main}
REQUEST_URI=/dictionaryPage
HTTP_REFERER=http://epcnet/dictionary
---
2014/01/23 18:02:04 [error] [system.db.CDbCommand] CDbCommand::fetchAll() failed: SQLSTATE[HY000]: General error: 1017 Can't find file: './epc/epc_dictionary.frm' (errno: 13). The SQL statement executed was: SHOW FULL COLUMNS FROM `epc_dictionary`.
in /home/konstantin/sites/epcnet/htdocs/protected/controllers/DictionaryPageController.php (54)
in /home/konstantin/sites/epcnet/htdocs/index.php (13)
2014/01/23 18:02:04 [error] [exception.CDbException] exception 'CDbException' with message 'The table "{{dictionary}}" for active record class "Dictionary" cannot be found in the database.' in /home/konstantin/sites/epcnet/htdocs/framework/db/ar/CActiveRecord.php:2362
Stack trace:
#0 /home/konstantin/sites/epcnet/htdocs/framework/db/ar/CActiveRecord.php(411): CActiveRecordMetaData->__construct(Object(Dictionary))
#1 /home/konstantin/sites/epcnet/htdocs/framework/db/ar/CActiveRecord.php(79): CActiveRecord->getMetaData()
#2 /home/konstantin/sites/epcnet/htdocs/protected/controllers/DictionaryPageController.php(54): CActiveRecord->__construct()
#3 /home/konstantin/sites/epcnet/htdocs/framework/web/actions/CInlineAction.php(49): DictionaryPageController->actionIndex()
#4 /home/konstantin/sites/epcnet/htdocs/framework/web/CController.php(308): CInlineAction->runWithParams(Array)
#5 /home/konstantin/sites/epcnet/htdocs/framework/web/filters/CFilterChain.php(133): CController->runAction(Object(CInlineAction))
#6 /home/konstantin/sites/epcnet/htdocs/framework/web/filters/CFilter.php(40): CFilterChain->run()
#7 /home/konstantin/sites/epcnet/htdocs/framework/web/CController.php(1145): CFilter->filter(Object(CFilterChain))
#8 /home/konstantin/sites/epcnet/htdocs/framework/web/filters/CInlineFilter.php(58): CController->filterAccessControl(Object(CFilterChain))
#9 /home/konstantin/sites/epcnet/htdocs/framework/web/filters/CFilterChain.php(130): CInlineFilter->filter(Object(CFilterChain))
#10 /home/konstantin/sites/epcnet/htdocs/framework/web/CController.php(291): CFilterChain->run()
#11 /home/konstantin/sites/epcnet/htdocs/framework/web/CController.php(265): CController->runActionWithFilters(Object(CInlineAction), Array)
#12 /home/konstantin/sites/epcnet/htdocs/framework/web/CWebApplication.php(282): CController->run('')
#13 /home/konstantin/sites/epcnet/htdocs/framework/web/CWebApplication.php(141): CWebApplication->runController('dictionaryPage')
#14 /home/konstantin/sites/epcnet/htdocs/framework/base/CApplication.php(180): CWebApplication->processRequest()
#15 /home/konstantin/sites/epcnet/htdocs/index.php(13): CApplication->run()
#16 {main}
REQUEST_URI=/dictionaryPage
HTTP_REFERER=http://epcnet/dictionary
---
2014/01/23 18:02:05 [error] [system.db.CDbCommand] CDbCommand::fetchAll() failed: SQLSTATE[HY000]: General error: 1017 Can't find file: './epc/epc_dictionary.frm' (errno: 13). The SQL statement executed was: SHOW FULL COLUMNS FROM `epc_dictionary`.
in /home/konstantin/sites/epcnet/htdocs/protected/controllers/DictionaryPageController.php (54)
in /home/konstantin/sites/epcnet/htdocs/index.php (13)
2014/01/23 18:02:05 [error] [exception.CDbException] exception 'CDbException' with message 'The table "{{dictionary}}" for active record class "Dictionary" cannot be found in the database.' in /home/konstantin/sites/epcnet/htdocs/framework/db/ar/CActiveRecord.php:2362
Stack trace:
#0 /home/konstantin/sites/epcnet/htdocs/framework/db/ar/CActiveRecord.php(411): CActiveRecordMetaData->__construct(Object(Dictionary))
#1 /home/konstantin/sites/epcnet/htdocs/framework/db/ar/CActiveRecord.php(79): CActiveRecord->getMetaData()
#2 /home/konstantin/sites/epcnet/htdocs/protected/controllers/DictionaryPageController.php(54): CActiveRecord->__construct()
#3 /home/konstantin/sites/epcnet/htdocs/framework/web/actions/CInlineAction.php(49): DictionaryPageController->actionIndex()
#4 /home/konstantin/sites/epcnet/htdocs/framework/web/CController.php(308): CInlineAction->runWithParams(Array)
#5 /home/konstantin/sites/epcnet/htdocs/framework/web/filters/CFilterChain.php(133): CController->runAction(Object(CInlineAction))
#6 /home/konstantin/sites/epcnet/htdocs/framework/web/filters/CFilter.php(40): CFilterChain->run()
#7 /home/konstantin/sites/epcnet/htdocs/framework/web/CController.php(1145): CFilter->filter(Object(CFilterChain))
#8 /home/konstantin/sites/epcnet/htdocs/framework/web/filters/CInlineFilter.php(58): CController->filterAccessControl(Object(CFilterChain))
#9 /home/konstantin/sites/epcnet/htdocs/framework/web/filters/CFilterChain.php(130): CInlineFilter->filter(Object(CFilterChain))
#10 /home/konstantin/sites/epcnet/htdocs/framework/web/CController.php(291): CFilterChain->run()
#11 /home/konstantin/sites/epcnet/htdocs/framework/web/CController.php(265): CController->runActionWithFilters(Object(CInlineAction), Array)
#12 /home/konstantin/sites/epcnet/htdocs/framework/web/CWebApplication.php(282): CController->run('')
#13 /home/konstantin/sites/epcnet/htdocs/framework/web/CWebApplication.php(141): CWebApplication->runController('dictionaryPage')
#14 /home/konstantin/sites/epcnet/htdocs/framework/base/CApplication.php(180): CWebApplication->processRequest()
#15 /home/konstantin/sites/epcnet/htdocs/index.php(13): CApplication->run()
#16 {main}
REQUEST_URI=/dictionaryPage
HTTP_REFERER=http://epcnet/dictionary
---
2014/01/23 18:02:05 [error] [system.db.CDbCommand] CDbCommand::fetchAll() failed: SQLSTATE[HY000]: General error: 1017 Can't find file: './epc/epc_dictionary.frm' (errno: 13). The SQL statement executed was: SHOW FULL COLUMNS FROM `epc_dictionary`.
in /home/konstantin/sites/epcnet/htdocs/protected/controllers/DictionaryPageController.php (54)
in /home/konstantin/sites/epcnet/htdocs/index.php (13)
2014/01/23 18:02:05 [error] [exception.CDbException] exception 'CDbException' with message 'The table "{{dictionary}}" for active record class "Dictionary" cannot be found in the database.' in /home/konstantin/sites/epcnet/htdocs/framework/db/ar/CActiveRecord.php:2362
Stack trace:
#0 /home/konstantin/sites/epcnet/htdocs/framework/db/ar/CActiveRecord.php(411): CActiveRecordMetaData->__construct(Object(Dictionary))
#1 /home/konstantin/sites/epcnet/htdocs/framework/db/ar/CActiveRecord.php(79): CActiveRecord->getMetaData()
#2 /home/konstantin/sites/epcnet/htdocs/protected/controllers/DictionaryPageController.php(54): CActiveRecord->__construct()
#3 /home/konstantin/sites/epcnet/htdocs/framework/web/actions/CInlineAction.php(49): DictionaryPageController->actionIndex()
#4 /home/konstantin/sites/epcnet/htdocs/framework/web/CController.php(308): CInlineAction->runWithParams(Array)
#5 /home/konstantin/sites/epcnet/htdocs/framework/web/filters/CFilterChain.php(133): CController->runAction(Object(CInlineAction))
#6 /home/konstantin/sites/epcnet/htdocs/framework/web/filters/CFilter.php(40): CFilterChain->run()
#7 /home/konstantin/sites/epcnet/htdocs/framework/web/CController.php(1145): CFilter->filter(Object(CFilterChain))
#8 /home/konstantin/sites/epcnet/htdocs/framework/web/filters/CInlineFilter.php(58): CController->filterAccessControl(Object(CFilterChain))
#9 /home/konstantin/sites/epcnet/htdocs/framework/web/filters/CFilterChain.php(130): CInlineFilter->filter(Object(CFilterChain))
#10 /home/konstantin/sites/epcnet/htdocs/framework/web/CController.php(291): CFilterChain->run()
#11 /home/konstantin/sites/epcnet/htdocs/framework/web/CController.php(265): CController->runActionWithFilters(Object(CInlineAction), Array)
#12 /home/konstantin/sites/epcnet/htdocs/framework/web/CWebApplication.php(282): CController->run('')
#13 /home/konstantin/sites/epcnet/htdocs/framework/web/CWebApplication.php(141): CWebApplication->runController('dictionaryPage')
#14 /home/konstantin/sites/epcnet/htdocs/framework/base/CApplication.php(180): CWebApplication->processRequest()
#15 /home/konstantin/sites/epcnet/htdocs/index.php(13): CApplication->run()
#16 {main}
REQUEST_URI=/dictionaryPage
HTTP_REFERER=http://epcnet/dictionary
---
2014/01/23 18:02:05 [error] [system.db.CDbCommand] CDbCommand::fetchAll() failed: SQLSTATE[HY000]: General error: 1017 Can't find file: './epc/epc_dictionary.frm' (errno: 13). The SQL statement executed was: SHOW FULL COLUMNS FROM `epc_dictionary`.
in /home/konstantin/sites/epcnet/htdocs/protected/controllers/DictionaryPageController.php (54)
in /home/konstantin/sites/epcnet/htdocs/index.php (13)
2014/01/23 18:02:05 [error] [exception.CDbException] exception 'CDbException' with message 'The table "{{dictionary}}" for active record class "Dictionary" cannot be found in the database.' in /home/konstantin/sites/epcnet/htdocs/framework/db/ar/CActiveRecord.php:2362
Stack trace:
#0 /home/konstantin/sites/epcnet/htdocs/framework/db/ar/CActiveRecord.php(411): CActiveRecordMetaData->__construct(Object(Dictionary))
#1 /home/konstantin/sites/epcnet/htdocs/framework/db/ar/CActiveRecord.php(79): CActiveRecord->getMetaData()
#2 /home/konstantin/sites/epcnet/htdocs/protected/controllers/DictionaryPageController.php(54): CActiveRecord->__construct()
#3 /home/konstantin/sites/epcnet/htdocs/framework/web/actions/CInlineAction.php(49): DictionaryPageController->actionIndex()
#4 /home/konstantin/sites/epcnet/htdocs/framework/web/CController.php(308): CInlineAction->runWithParams(Array)
#5 /home/konstantin/sites/epcnet/htdocs/framework/web/filters/CFilterChain.php(133): CController->runAction(Object(CInlineAction))
#6 /home/konstantin/sites/epcnet/htdocs/framework/web/filters/CFilter.php(40): CFilterChain->run()
#7 /home/konstantin/sites/epcnet/htdocs/framework/web/CController.php(1145): CFilter->filter(Object(CFilterChain))
#8 /home/konstantin/sites/epcnet/htdocs/framework/web/filters/CInlineFilter.php(58): CController->filterAccessControl(Object(CFilterChain))
#9 /home/konstantin/sites/epcnet/htdocs/framework/web/filters/CFilterChain.php(130): CInlineFilter->filter(Object(CFilterChain))
#10 /home/konstantin/sites/epcnet/htdocs/framework/web/CController.php(291): CFilterChain->run()
#11 /home/konstantin/sites/epcnet/htdocs/framework/web/CController.php(265): CController->runActionWithFilters(Object(CInlineAction), Array)
#12 /home/konstantin/sites/epcnet/htdocs/framework/web/CWebApplication.php(282): CController->run('')
#13 /home/konstantin/sites/epcnet/htdocs/framework/web/CWebApplication.php(141): CWebApplication->runController('dictionaryPage')
#14 /home/konstantin/sites/epcnet/htdocs/framework/base/CApplication.php(180): CWebApplication->processRequest()
#15 /home/konstantin/sites/epcnet/htdocs/index.php(13): CApplication->run()
#16 {main}
REQUEST_URI=/dictionaryPage
HTTP_REFERER=http://epcnet/dictionary
---
2014/01/23 18:02:05 [error] [system.db.CDbCommand] CDbCommand::fetchAll() failed: SQLSTATE[HY000]: General error: 1017 Can't find file: './epc/epc_dictionary.frm' (errno: 13). The SQL statement executed was: SHOW FULL COLUMNS FROM `epc_dictionary`.
in /home/konstantin/sites/epcnet/htdocs/protected/controllers/DictionaryPageController.php (54)
in /home/konstantin/sites/epcnet/htdocs/index.php (13)
2014/01/23 18:02:05 [error] [exception.CDbException] exception 'CDbException' with message 'The table "{{dictionary}}" for active record class "Dictionary" cannot be found in the database.' in /home/konstantin/sites/epcnet/htdocs/framework/db/ar/CActiveRecord.php:2362
Stack trace:
#0 /home/konstantin/sites/epcnet/htdocs/framework/db/ar/CActiveRecord.php(411): CActiveRecordMetaData->__construct(Object(Dictionary))
#1 /home/konstantin/sites/epcnet/htdocs/framework/db/ar/CActiveRecord.php(79): CActiveRecord->getMetaData()
#2 /home/konstantin/sites/epcnet/htdocs/protected/controllers/DictionaryPageController.php(54): CActiveRecord->__construct()
#3 /home/konstantin/sites/epcnet/htdocs/framework/web/actions/CInlineAction.php(49): DictionaryPageController->actionIndex()
#4 /home/konstantin/sites/epcnet/htdocs/framework/web/CController.php(308): CInlineAction->runWithParams(Array)
#5 /home/konstantin/sites/epcnet/htdocs/framework/web/filters/CFilterChain.php(133): CController->runAction(Object(CInlineAction))
#6 /home/konstantin/sites/epcnet/htdocs/framework/web/filters/CFilter.php(40): CFilterChain->run()
#7 /home/konstantin/sites/epcnet/htdocs/framework/web/CController.php(1145): CFilter->filter(Object(CFilterChain))
#8 /home/konstantin/sites/epcnet/htdocs/framework/web/filters/CInlineFilter.php(58): CController->filterAccessControl(Object(CFilterChain))
#9 /home/konstantin/sites/epcnet/htdocs/framework/web/filters/CFilterChain.php(130): CInlineFilter->filter(Object(CFilterChain))
#10 /home/konstantin/sites/epcnet/htdocs/framework/web/CController.php(291): CFilterChain->run()
#11 /home/konstantin/sites/epcnet/htdocs/framework/web/CController.php(265): CController->runActionWithFilters(Object(CInlineAction), Array)
#12 /home/konstantin/sites/epcnet/htdocs/framework/web/CWebApplication.php(282): CController->run('')
#13 /home/konstantin/sites/epcnet/htdocs/framework/web/CWebApplication.php(141): CWebApplication->runController('dictionaryPage')
#14 /home/konstantin/sites/epcnet/htdocs/framework/base/CApplication.php(180): CWebApplication->processRequest()
#15 /home/konstantin/sites/epcnet/htdocs/index.php(13): CApplication->run()
#16 {main}
REQUEST_URI=/dictionaryPage
HTTP_REFERER=http://epcnet/dictionary
---
2014/01/23 18:02:05 [error] [system.db.CDbCommand] CDbCommand::fetchAll() failed: SQLSTATE[HY000]: General error: 1017 Can't find file: './epc/epc_dictionary.frm' (errno: 13). The SQL statement executed was: SHOW FULL COLUMNS FROM `epc_dictionary`.
in /home/konstantin/sites/epcnet/htdocs/protected/controllers/DictionaryPageController.php (54)
in /home/konstantin/sites/epcnet/htdocs/index.php (13)
2014/01/23 18:02:05 [error] [exception.CDbException] exception 'CDbException' with message 'The table "{{dictionary}}" for active record class "Dictionary" cannot be found in the database.' in /home/konstantin/sites/epcnet/htdocs/framework/db/ar/CActiveRecord.php:2362
Stack trace:
#0 /home/konstantin/sites/epcnet/htdocs/framework/db/ar/CActiveRecord.php(411): CActiveRecordMetaData->__construct(Object(Dictionary))
#1 /home/konstantin/sites/epcnet/htdocs/framework/db/ar/CActiveRecord.php(79): CActiveRecord->getMetaData()
#2 /home/konstantin/sites/epcnet/htdocs/protected/controllers/DictionaryPageController.php(54): CActiveRecord->__construct()
#3 /home/konstantin/sites/epcnet/htdocs/framework/web/actions/CInlineAction.php(49): DictionaryPageController->actionIndex()
#4 /home/konstantin/sites/epcnet/htdocs/framework/web/CController.php(308): CInlineAction->runWithParams(Array)
#5 /home/konstantin/sites/epcnet/htdocs/framework/web/filters/CFilterChain.php(133): CController->runAction(Object(CInlineAction))
#6 /home/konstantin/sites/epcnet/htdocs/framework/web/filters/CFilter.php(40): CFilterChain->run()
#7 /home/konstantin/sites/epcnet/htdocs/framework/web/CController.php(1145): CFilter->filter(Object(CFilterChain))
#8 /home/konstantin/sites/epcnet/htdocs/framework/web/filters/CInlineFilter.php(58): CController->filterAccessControl(Object(CFilterChain))
#9 /home/konstantin/sites/epcnet/htdocs/framework/web/filters/CFilterChain.php(130): CInlineFilter->filter(Object(CFilterChain))
#10 /home/konstantin/sites/epcnet/htdocs/framework/web/CController.php(291): CFilterChain->run()
#11 /home/konstantin/sites/epcnet/htdocs/framework/web/CController.php(265): CController->runActionWithFilters(Object(CInlineAction), Array)
#12 /home/konstantin/sites/epcnet/htdocs/framework/web/CWebApplication.php(282): CController->run('')
#13 /home/konstantin/sites/epcnet/htdocs/framework/web/CWebApplication.php(141): CWebApplication->runController('dictionaryPage')
#14 /home/konstantin/sites/epcnet/htdocs/framework/base/CApplication.php(180): CWebApplication->processRequest()
#15 /home/konstantin/sites/epcnet/htdocs/index.php(13): CApplication->run()
#16 {main}
REQUEST_URI=/dictionaryPage
HTTP_REFERER=http://epcnet/dictionary
---
2014/01/23 18:02:06 [error] [system.db.CDbCommand] CDbCommand::fetchAll() failed: SQLSTATE[HY000]: General error: 1017 Can't find file: './epc/epc_dictionary.frm' (errno: 13). The SQL statement executed was: SHOW FULL COLUMNS FROM `epc_dictionary`.
in /home/konstantin/sites/epcnet/htdocs/protected/controllers/DictionaryPageController.php (54)
in /home/konstantin/sites/epcnet/htdocs/index.php (13)
2014/01/23 18:02:06 [error] [exception.CDbException] exception 'CDbException' with message 'The table "{{dictionary}}" for active record class "Dictionary" cannot be found in the database.' in /home/konstantin/sites/epcnet/htdocs/framework/db/ar/CActiveRecord.php:2362
Stack trace:
#0 /home/konstantin/sites/epcnet/htdocs/framework/db/ar/CActiveRecord.php(411): CActiveRecordMetaData->__construct(Object(Dictionary))
#1 /home/konstantin/sites/epcnet/htdocs/framework/db/ar/CActiveRecord.php(79): CActiveRecord->getMetaData()
#2 /home/konstantin/sites/epcnet/htdocs/protected/controllers/DictionaryPageController.php(54): CActiveRecord->__construct()
#3 /home/konstantin/sites/epcnet/htdocs/framework/web/actions/CInlineAction.php(49): DictionaryPageController->actionIndex()
#4 /home/konstantin/sites/epcnet/htdocs/framework/web/CController.php(308): CInlineAction->runWithParams(Array)
#5 /home/konstantin/sites/epcnet/htdocs/framework/web/filters/CFilterChain.php(133): CController->runAction(Object(CInlineAction))
#6 /home/konstantin/sites/epcnet/htdocs/framework/web/filters/CFilter.php(40): CFilterChain->run()
#7 /home/konstantin/sites/epcnet/htdocs/framework/web/CController.php(1145): CFilter->filter(Object(CFilterChain))
#8 /home/konstantin/sites/epcnet/htdocs/framework/web/filters/CInlineFilter.php(58): CController->filterAccessControl(Object(CFilterChain))
#9 /home/konstantin/sites/epcnet/htdocs/framework/web/filters/CFilterChain.php(130): CInlineFilter->filter(Object(CFilterChain))
#10 /home/konstantin/sites/epcnet/htdocs/framework/web/CController.php(291): CFilterChain->run()
#11 /home/konstantin/sites/epcnet/htdocs/framework/web/CController.php(265): CController->runActionWithFilters(Object(CInlineAction), Array)
#12 /home/konstantin/sites/epcnet/htdocs/framework/web/CWebApplication.php(282): CController->run('')
#13 /home/konstantin/sites/epcnet/htdocs/framework/web/CWebApplication.php(141): CWebApplication->runController('dictionaryPage')
#14 /home/konstantin/sites/epcnet/htdocs/framework/base/CApplication.php(180): CWebApplication->processRequest()
#15 /home/konstantin/sites/epcnet/htdocs/index.php(13): CApplication->run()
#16 {main}
REQUEST_URI=/dictionaryPage
HTTP_REFERER=http://epcnet/dictionary
---
2014/01/24 10:23:27 [error] [system.db.CDbCommand] CDbCommand::fetchAll() failed: SQLSTATE[HY000]: General error: 1017 Can't find file: './epc/epc_dictionary.frm' (errno: 13). The SQL statement executed was: SHOW FULL COLUMNS FROM `epc_dictionary`.
in /home/konstantin/sites/epcnet/htdocs/protected/controllers/DictionaryPageController.php (54)
in /home/konstantin/sites/epcnet/htdocs/index.php (13)
2014/01/24 10:23:27 [error] [exception.CDbException] exception 'CDbException' with message 'The table "{{dictionary}}" for active record class "Dictionary" cannot be found in the database.' in /home/konstantin/sites/epcnet/htdocs/framework/db/ar/CActiveRecord.php:2362
Stack trace:
#0 /home/konstantin/sites/epcnet/htdocs/framework/db/ar/CActiveRecord.php(411): CActiveRecordMetaData->__construct(Object(Dictionary))
#1 /home/konstantin/sites/epcnet/htdocs/framework/db/ar/CActiveRecord.php(79): CActiveRecord->getMetaData()
#2 /home/konstantin/sites/epcnet/htdocs/protected/controllers/DictionaryPageController.php(54): CActiveRecord->__construct()
#3 /home/konstantin/sites/epcnet/htdocs/framework/web/actions/CInlineAction.php(49): DictionaryPageController->actionIndex()
#4 /home/konstantin/sites/epcnet/htdocs/framework/web/CController.php(308): CInlineAction->runWithParams(Array)
#5 /home/konstantin/sites/epcnet/htdocs/framework/web/filters/CFilterChain.php(133): CController->runAction(Object(CInlineAction))
#6 /home/konstantin/sites/epcnet/htdocs/framework/web/filters/CFilter.php(40): CFilterChain->run()
#7 /home/konstantin/sites/epcnet/htdocs/framework/web/CController.php(1145): CFilter->filter(Object(CFilterChain))
#8 /home/konstantin/sites/epcnet/htdocs/framework/web/filters/CInlineFilter.php(58): CController->filterAccessControl(Object(CFilterChain))
#9 /home/konstantin/sites/epcnet/htdocs/framework/web/filters/CFilterChain.php(130): CInlineFilter->filter(Object(CFilterChain))
#10 /home/konstantin/sites/epcnet/htdocs/framework/web/CController.php(291): CFilterChain->run()
#11 /home/konstantin/sites/epcnet/htdocs/framework/web/CController.php(265): CController->runActionWithFilters(Object(CInlineAction), Array)
#12 /home/konstantin/sites/epcnet/htdocs/framework/web/CWebApplication.php(282): CController->run('')
#13 /home/konstantin/sites/epcnet/htdocs/framework/web/CWebApplication.php(141): CWebApplication->runController('dictionaryPage')
#14 /home/konstantin/sites/epcnet/htdocs/framework/base/CApplication.php(180): CWebApplication->processRequest()
#15 /home/konstantin/sites/epcnet/htdocs/index.php(13): CApplication->run()
#16 {main}
REQUEST_URI=/dictionaryPage
HTTP_REFERER=http://epcnet/dictionary
---
2014/01/24 10:23:41 [error] [system.db.CDbCommand] CDbCommand::fetchAll() failed: SQLSTATE[HY000]: General error: 1017 Can't find file: './epc/epc_dictionary.frm' (errno: 13). The SQL statement executed was: SHOW FULL COLUMNS FROM `epc_dictionary`.
in /home/konstantin/sites/epcnet/htdocs/protected/controllers/DictionaryPageController.php (54)
in /home/konstantin/sites/epcnet/htdocs/index.php (13)
2014/01/24 10:23:41 [error] [exception.CDbException] exception 'CDbException' with message 'The table "{{dictionary}}" for active record class "Dictionary" cannot be found in the database.' in /home/konstantin/sites/epcnet/htdocs/framework/db/ar/CActiveRecord.php:2362
Stack trace:
#0 /home/konstantin/sites/epcnet/htdocs/framework/db/ar/CActiveRecord.php(411): CActiveRecordMetaData->__construct(Object(Dictionary))
#1 /home/konstantin/sites/epcnet/htdocs/framework/db/ar/CActiveRecord.php(79): CActiveRecord->getMetaData()
#2 /home/konstantin/sites/epcnet/htdocs/protected/controllers/DictionaryPageController.php(54): CActiveRecord->__construct()
#3 /home/konstantin/sites/epcnet/htdocs/framework/web/actions/CInlineAction.php(49): DictionaryPageController->actionIndex()
#4 /home/konstantin/sites/epcnet/htdocs/framework/web/CController.php(308): CInlineAction->runWithParams(Array)
#5 /home/konstantin/sites/epcnet/htdocs/framework/web/filters/CFilterChain.php(133): CController->runAction(Object(CInlineAction))
#6 /home/konstantin/sites/epcnet/htdocs/framework/web/filters/CFilter.php(40): CFilterChain->run()
#7 /home/konstantin/sites/epcnet/htdocs/framework/web/CController.php(1145): CFilter->filter(Object(CFilterChain))
#8 /home/konstantin/sites/epcnet/htdocs/framework/web/filters/CInlineFilter.php(58): CController->filterAccessControl(Object(CFilterChain))
#9 /home/konstantin/sites/epcnet/htdocs/framework/web/filters/CFilterChain.php(130): CInlineFilter->filter(Object(CFilterChain))
#10 /home/konstantin/sites/epcnet/htdocs/framework/web/CController.php(291): CFilterChain->run()
#11 /home/konstantin/sites/epcnet/htdocs/framework/web/CController.php(265): CController->runActionWithFilters(Object(CInlineAction), Array)
#12 /home/konstantin/sites/epcnet/htdocs/framework/web/CWebApplication.php(282): CController->run('')
#13 /home/konstantin/sites/epcnet/htdocs/framework/web/CWebApplication.php(141): CWebApplication->runController('dictionaryPage')
#14 /home/konstantin/sites/epcnet/htdocs/framework/base/CApplication.php(180): CWebApplication->processRequest()
#15 /home/konstantin/sites/epcnet/htdocs/index.php(13): CApplication->run()
#16 {main}
REQUEST_URI=/dictionaryPage
HTTP_REFERER=http://epcnet/dictionary
---
2014/01/24 10:23:42 [error] [system.db.CDbCommand] CDbCommand::fetchAll() failed: SQLSTATE[HY000]: General error: 1017 Can't find file: './epc/epc_dictionary.frm' (errno: 13). The SQL statement executed was: SHOW FULL COLUMNS FROM `epc_dictionary`.
in /home/konstantin/sites/epcnet/htdocs/protected/controllers/DictionaryPageController.php (54)
in /home/konstantin/sites/epcnet/htdocs/index.php (13)
2014/01/24 10:23:42 [error] [exception.CDbException] exception 'CDbException' with message 'The table "{{dictionary}}" for active record class "Dictionary" cannot be found in the database.' in /home/konstantin/sites/epcnet/htdocs/framework/db/ar/CActiveRecord.php:2362
Stack trace:
#0 /home/konstantin/sites/epcnet/htdocs/framework/db/ar/CActiveRecord.php(411): CActiveRecordMetaData->__construct(Object(Dictionary))
#1 /home/konstantin/sites/epcnet/htdocs/framework/db/ar/CActiveRecord.php(79): CActiveRecord->getMetaData()
#2 /home/konstantin/sites/epcnet/htdocs/protected/controllers/DictionaryPageController.php(54): CActiveRecord->__construct()
#3 /home/konstantin/sites/epcnet/htdocs/framework/web/actions/CInlineAction.php(49): DictionaryPageController->actionIndex()
#4 /home/konstantin/sites/epcnet/htdocs/framework/web/CController.php(308): CInlineAction->runWithParams(Array)
#5 /home/konstantin/sites/epcnet/htdocs/framework/web/filters/CFilterChain.php(133): CController->runAction(Object(CInlineAction))
#6 /home/konstantin/sites/epcnet/htdocs/framework/web/filters/CFilter.php(40): CFilterChain->run()
#7 /home/konstantin/sites/epcnet/htdocs/framework/web/CController.php(1145): CFilter->filter(Object(CFilterChain))
#8 /home/konstantin/sites/epcnet/htdocs/framework/web/filters/CInlineFilter.php(58): CController->filterAccessControl(Object(CFilterChain))
#9 /home/konstantin/sites/epcnet/htdocs/framework/web/filters/CFilterChain.php(130): CInlineFilter->filter(Object(CFilterChain))
#10 /home/konstantin/sites/epcnet/htdocs/framework/web/CController.php(291): CFilterChain->run()
#11 /home/konstantin/sites/epcnet/htdocs/framework/web/CController.php(265): CController->runActionWithFilters(Object(CInlineAction), Array)
#12 /home/konstantin/sites/epcnet/htdocs/framework/web/CWebApplication.php(282): CController->run('')
#13 /home/konstantin/sites/epcnet/htdocs/framework/web/CWebApplication.php(141): CWebApplication->runController('dictionaryPage')
#14 /home/konstantin/sites/epcnet/htdocs/framework/base/CApplication.php(180): CWebApplication->processRequest()
#15 /home/konstantin/sites/epcnet/htdocs/index.php(13): CApplication->run()
#16 {main}
REQUEST_URI=/dictionaryPage
HTTP_REFERER=http://epcnet/dictionary
---
2014/01/24 10:40:07 [error] [exception.CHttpException.404] exception 'CHttpException' with message 'Unable to resolve the request "favicon.ico".' in /home/konstantin/sites/epcnet/htdocs/framework/web/CWebApplication.php:286
Stack trace:
#0 /home/konstantin/sites/epcnet/htdocs/framework/web/CWebApplication.php(141): CWebApplication->runController('favicon.ico')
#1 /home/konstantin/sites/epcnet/htdocs/framework/base/CApplication.php(180): CWebApplication->processRequest()
#2 /home/konstantin/sites/epcnet/htdocs/index.php(13): CApplication->run()
#3 {main}
REQUEST_URI=/favicon.ico
---
2014/01/24 12:42:06 [error] [exception.CHttpException.404] exception 'CHttpException' with message 'Unable to resolve the request "favicon.ico".' in /home/konstantin/sites/epcnet/htdocs/framework/web/CWebApplication.php:286
Stack trace:
#0 /home/konstantin/sites/epcnet/htdocs/framework/web/CWebApplication.php(141): CWebApplication->runController('favicon.ico')
#1 /home/konstantin/sites/epcnet/htdocs/framework/base/CApplication.php(180): CWebApplication->processRequest()
#2 /home/konstantin/sites/epcnet/htdocs/index.php(13): CApplication->run()
#3 {main}
REQUEST_URI=/favicon.ico
---
2014/01/24 12:42:06 [error] [exception.CHttpException.404] exception 'CHttpException' with message 'Unable to resolve the request "favicon.ico".' in /home/konstantin/sites/epcnet/htdocs/framework/web/CWebApplication.php:286
Stack trace:
#0 /home/konstantin/sites/epcnet/htdocs/framework/web/CWebApplication.php(141): CWebApplication->runController('favicon.ico')
#1 /home/konstantin/sites/epcnet/htdocs/framework/base/CApplication.php(180): CWebApplication->processRequest()
#2 /home/konstantin/sites/epcnet/htdocs/index.php(13): CApplication->run()
#3 {main}
REQUEST_URI=/favicon.ico
---
2014/01/24 20:04:31 [error] [exception.CHttpException.404] exception 'CHttpException' with message 'Unable to resolve the request "favicon.ico".' in /home/konstantin/sites/epcnet/htdocs/framework/web/CWebApplication.php:286
Stack trace:
#0 /home/konstantin/sites/epcnet/htdocs/framework/web/CWebApplication.php(141): CWebApplication->runController('favicon.ico')
#1 /home/konstantin/sites/epcnet/htdocs/framework/base/CApplication.php(180): CWebApplication->processRequest()
#2 /home/konstantin/sites/epcnet/htdocs/index.php(13): CApplication->run()
#3 {main}
REQUEST_URI=/favicon.ico
---
2014/01/24 20:04:34 [error] [exception.CHttpException.404] exception 'CHttpException' with message 'Unable to resolve the request "favicon.ico".' in /home/konstantin/sites/epcnet/htdocs/framework/web/CWebApplication.php:286
Stack trace:
#0 /home/konstantin/sites/epcnet/htdocs/framework/web/CWebApplication.php(141): CWebApplication->runController('favicon.ico')
#1 /home/konstantin/sites/epcnet/htdocs/framework/base/CApplication.php(180): CWebApplication->processRequest()
#2 /home/konstantin/sites/epcnet/htdocs/index.php(13): CApplication->run()
#3 {main}
REQUEST_URI=/favicon.ico
---
2014/01/27 11:44:01 [error] [exception.CHttpException.404] exception 'CHttpException' with message 'Unable to resolve the request "favicon.ico".' in /home/konstantin/sites/epcnet/htdocs/framework/web/CWebApplication.php:286
Stack trace:
#0 /home/konstantin/sites/epcnet/htdocs/framework/web/CWebApplication.php(141): CWebApplication->runController('favicon.ico')
#1 /home/konstantin/sites/epcnet/htdocs/framework/base/CApplication.php(180): CWebApplication->processRequest()
#2 /home/konstantin/sites/epcnet/htdocs/index.php(13): CApplication->run()
#3 {main}
REQUEST_URI=/favicon.ico
---
2014/01/27 13:24:14 [error] [exception.CHttpException.404] exception 'CHttpException' with message 'Unable to resolve the request "favicon.ico".' in /home/konstantin/sites/epcnet/htdocs/framework/web/CWebApplication.php:286
Stack trace:
#0 /home/konstantin/sites/epcnet/htdocs/framework/web/CWebApplication.php(141): CWebApplication->runController('favicon.ico')
#1 /home/konstantin/sites/epcnet/htdocs/framework/base/CApplication.php(180): CWebApplication->processRequest()
#2 /home/konstantin/sites/epcnet/htdocs/index.php(13): CApplication->run()
#3 {main}
REQUEST_URI=/favicon.ico
---
2014/01/27 16:19:07 [error] [exception.CException] exception 'CException' with message 'NewsController cannot find the requested view "Index".' in /home/konstantin/sites/epcnet/htdocs/framework/web/CController.php:878
Stack trace:
#0 /home/konstantin/sites/epcnet/htdocs/framework/web/CController.php(782): CController->renderPartial('Index', Array, true)
#1 /home/konstantin/sites/epcnet/htdocs/protected/modules/admin/controllers/NewsController.php(129): CController->render('Index', Array)
#2 /home/konstantin/sites/epcnet/htdocs/framework/web/actions/CInlineAction.php(49): NewsController->actionIndex()
#3 /home/konstantin/sites/epcnet/htdocs/framework/web/CController.php(308): CInlineAction->runWithParams(Array)
#4 /home/konstantin/sites/epcnet/htdocs/framework/web/filters/CFilterChain.php(133): CController->runAction(Object(CInlineAction))
#5 /home/konstantin/sites/epcnet/htdocs/framework/web/filters/CFilter.php(40): CFilterChain->run()
#6 /home/konstantin/sites/epcnet/htdocs/framework/web/CController.php(1145): CFilter->filter(Object(CFilterChain))
#7 /home/konstantin/sites/epcnet/htdocs/framework/web/filters/CInlineFilter.php(58): CController->filterAccessControl(Object(CFilterChain))
#8 /home/konstantin/sites/epcnet/htdocs/framework/web/filters/CFilterChain.php(130): CInlineFilter->filter(Object(CFilterChain))
#9 /home/konstantin/sites/epcnet/htdocs/framework/web/CController.php(291): CFilterChain->run()
#10 /home/konstantin/sites/epcnet/htdocs/framework/web/CController.php(265): CController->runActionWithFilters(Object(CInlineAction), Array)
#11 /home/konstantin/sites/epcnet/htdocs/framework/web/CWebApplication.php(282): CController->run('')
#12 /home/konstantin/sites/epcnet/htdocs/framework/web/CWebApplication.php(141): CWebApplication->runController('admin/news')
#13 /home/konstantin/sites/epcnet/htdocs/framework/base/CApplication.php(180): CWebApplication->processRequest()
#14 /home/konstantin/sites/epcnet/htdocs/index.php(13): CApplication->run()
#15 {main}
REQUEST_URI=/admin/news
HTTP_REFERER=http://epcnet/site/login
---
2014/01/27 16:19:15 [error] [exception.CException] exception 'CException' with message 'NewsController cannot find the requested view "Index".' in /home/konstantin/sites/epcnet/htdocs/framework/web/CController.php:878
Stack trace:
#0 /home/konstantin/sites/epcnet/htdocs/framework/web/CController.php(782): CController->renderPartial('Index', Array, true)
#1 /home/konstantin/sites/epcnet/htdocs/protected/modules/admin/controllers/NewsController.php(129): CController->render('Index', Array)
#2 /home/konstantin/sites/epcnet/htdocs/framework/web/actions/CInlineAction.php(49): NewsController->actionIndex()
#3 /home/konstantin/sites/epcnet/htdocs/framework/web/CController.php(308): CInlineAction->runWithParams(Array)
#4 /home/konstantin/sites/epcnet/htdocs/framework/web/filters/CFilterChain.php(133): CController->runAction(Object(CInlineAction))
#5 /home/konstantin/sites/epcnet/htdocs/framework/web/filters/CFilter.php(40): CFilterChain->run()
#6 /home/konstantin/sites/epcnet/htdocs/framework/web/CController.php(1145): CFilter->filter(Object(CFilterChain))
#7 /home/konstantin/sites/epcnet/htdocs/framework/web/filters/CInlineFilter.php(58): CController->filterAccessControl(Object(CFilterChain))
#8 /home/konstantin/sites/epcnet/htdocs/framework/web/filters/CFilterChain.php(130): CInlineFilter->filter(Object(CFilterChain))
#9 /home/konstantin/sites/epcnet/htdocs/framework/web/CController.php(291): CFilterChain->run()
#10 /home/konstantin/sites/epcnet/htdocs/framework/web/CController.php(265): CController->runActionWithFilters(Object(CInlineAction), Array)
#11 /home/konstantin/sites/epcnet/htdocs/framework/web/CWebApplication.php(282): CController->run('')
#12 /home/konstantin/sites/epcnet/htdocs/framework/web/CWebApplication.php(141): CWebApplication->runController('admin/news')
#13 /home/konstantin/sites/epcnet/htdocs/framework/base/CApplication.php(180): CWebApplication->processRequest()
#14 /home/konstantin/sites/epcnet/htdocs/index.php(13): CApplication->run()
#15 {main}
REQUEST_URI=/admin/news
HTTP_REFERER=http://epcnet/site/login
---
2014/01/27 16:19:26 [error] [exception.CException] exception 'CException' with message 'NewsController cannot find the requested view "Index".' in /home/konstantin/sites/epcnet/htdocs/framework/web/CController.php:878
Stack trace:
#0 /home/konstantin/sites/epcnet/htdocs/framework/web/CController.php(782): CController->renderPartial('Index', Array, true)
#1 /home/konstantin/sites/epcnet/htdocs/protected/modules/admin/controllers/NewsController.php(129): CController->render('Index', Array)
#2 /home/konstantin/sites/epcnet/htdocs/framework/web/actions/CInlineAction.php(49): NewsController->actionIndex()
#3 /home/konstantin/sites/epcnet/htdocs/framework/web/CController.php(308): CInlineAction->runWithParams(Array)
#4 /home/konstantin/sites/epcnet/htdocs/framework/web/filters/CFilterChain.php(133): CController->runAction(Object(CInlineAction))
#5 /home/konstantin/sites/epcnet/htdocs/framework/web/filters/CFilter.php(40): CFilterChain->run()
#6 /home/konstantin/sites/epcnet/htdocs/framework/web/CController.php(1145): CFilter->filter(Object(CFilterChain))
#7 /home/konstantin/sites/epcnet/htdocs/framework/web/filters/CInlineFilter.php(58): CController->filterAccessControl(Object(CFilterChain))
#8 /home/konstantin/sites/epcnet/htdocs/framework/web/filters/CFilterChain.php(130): CInlineFilter->filter(Object(CFilterChain))
#9 /home/konstantin/sites/epcnet/htdocs/framework/web/CController.php(291): CFilterChain->run()
#10 /home/konstantin/sites/epcnet/htdocs/framework/web/CController.php(265): CController->runActionWithFilters(Object(CInlineAction), Array)
#11 /home/konstantin/sites/epcnet/htdocs/framework/web/CWebApplication.php(282): CController->run('')
#12 /home/konstantin/sites/epcnet/htdocs/framework/web/CWebApplication.php(141): CWebApplication->runController('admin/news')
#13 /home/konstantin/sites/epcnet/htdocs/framework/base/CApplication.php(180): CWebApplication->processRequest()
#14 /home/konstantin/sites/epcnet/htdocs/index.php(13): CApplication->run()
#15 {main}
REQUEST_URI=/admin/news
HTTP_REFERER=http://epcnet/admin/dictionary
---
2014/01/27 16:19:32 [error] [exception.CException] exception 'CException' with message 'NewsController cannot find the requested view "Index".' in /home/konstantin/sites/epcnet/htdocs/framework/web/CController.php:878
Stack trace:
#0 /home/konstantin/sites/epcnet/htdocs/framework/web/CController.php(782): CController->renderPartial('Index', Array, true)
#1 /home/konstantin/sites/epcnet/htdocs/protected/modules/admin/controllers/NewsController.php(129): CController->render('Index', Array)
#2 /home/konstantin/sites/epcnet/htdocs/framework/web/actions/CInlineAction.php(49): NewsController->actionIndex()
#3 /home/konstantin/sites/epcnet/htdocs/framework/web/CController.php(308): CInlineAction->runWithParams(Array)
#4 /home/konstantin/sites/epcnet/htdocs/framework/web/filters/CFilterChain.php(133): CController->runAction(Object(CInlineAction))
#5 /home/konstantin/sites/epcnet/htdocs/framework/web/filters/CFilter.php(40): CFilterChain->run()
#6 /home/konstantin/sites/epcnet/htdocs/framework/web/CController.php(1145): CFilter->filter(Object(CFilterChain))
#7 /home/konstantin/sites/epcnet/htdocs/framework/web/filters/CInlineFilter.php(58): CController->filterAccessControl(Object(CFilterChain))
#8 /home/konstantin/sites/epcnet/htdocs/framework/web/filters/CFilterChain.php(130): CInlineFilter->filter(Object(CFilterChain))
#9 /home/konstantin/sites/epcnet/htdocs/framework/web/CController.php(291): CFilterChain->run()
#10 /home/konstantin/sites/epcnet/htdocs/framework/web/CController.php(265): CController->runActionWithFilters(Object(CInlineAction), Array)
#11 /home/konstantin/sites/epcnet/htdocs/framework/web/CWebApplication.php(282): CController->run('')
#12 /home/konstantin/sites/epcnet/htdocs/framework/web/CWebApplication.php(141): CWebApplication->runController('admin/news')
#13 /home/konstantin/sites/epcnet/htdocs/framework/base/CApplication.php(180): CWebApplication->processRequest()
#14 /home/konstantin/sites/epcnet/htdocs/index.php(13): CApplication->run()
#15 {main}
REQUEST_URI=/admin/news
HTTP_REFERER=http://epcnet/admin/user
---
2014/01/28 12:39:00 [error] [exception.CHttpException.404] exception 'CHttpException' with message 'Unable to resolve the request "favicon.ico".' in /home/konstantin/sites/epcnet/htdocs/framework/web/CWebApplication.php:286
Stack trace:
#0 /home/konstantin/sites/epcnet/htdocs/framework/web/CWebApplication.php(141): CWebApplication->runController('favicon.ico')
#1 /home/konstantin/sites/epcnet/htdocs/framework/base/CApplication.php(180): CWebApplication->processRequest()
#2 /home/konstantin/sites/epcnet/htdocs/index.php(13): CApplication->run()
#3 {main}
REQUEST_URI=/favicon.ico
---
